0 info it worked if it ends with ok
1 verbose cli [ 'node',
1 verbose cli   '/home/kolyaka/.nvm/v0.10.38/bin/npm',
1 verbose cli   'install',
1 verbose cli   'coffee-script' ]
2 info using npm@2.11.2
3 info using node@v0.10.38
4 verbose install initial load of /home/kolyaka/work/social/package.json
5 verbose installManyTop reading scoped package data from /home/kolyaka/work/social/node_modules/angular/package.json
6 verbose installManyTop reading scoped package data from /home/kolyaka/work/social/node_modules/body-parser/package.json
7 verbose installManyTop reading scoped package data from /home/kolyaka/work/social/node_modules/bootstrap/package.json
8 verbose installManyTop reading scoped package data from /home/kolyaka/work/social/node_modules/coffee-script/package.json
9 verbose installManyTop reading scoped package data from /home/kolyaka/work/social/node_modules/cookie-parser/package.json
10 verbose installManyTop reading scoped package data from /home/kolyaka/work/social/node_modules/express/package.json
11 verbose installManyTop reading scoped package data from /home/kolyaka/work/social/node_modules/express-session/package.json
12 verbose installManyTop reading scoped package data from /home/kolyaka/work/social/node_modules/inherits/package.json
13 verbose installManyTop reading scoped package data from /home/kolyaka/work/social/node_modules/jade/package.json
14 verbose installManyTop reading scoped package data from /home/kolyaka/work/social/node_modules/mongoose/package.json
15 verbose installManyTop reading scoped package data from /home/kolyaka/work/social/node_modules/morgan/package.json
16 verbose installManyTop reading scoped package data from /home/kolyaka/work/social/node_modules/ms/package.json
17 verbose installManyTop reading scoped package data from /home/kolyaka/work/social/node_modules/multer/package.json
18 verbose installManyTop reading scoped package data from /home/kolyaka/work/social/node_modules/passport/package.json
19 verbose installManyTop reading scoped package data from /home/kolyaka/work/social/node_modules/passport-local/package.json
20 verbose installManyTop reading scoped package data from /home/kolyaka/work/social/node_modules/serve-favicon/package.json
21 verbose installManyTop reading scoped package data from /home/kolyaka/work/social/node_modules/socket.io/package.json
22 verbose installManyTop reading scoped package data from /home/kolyaka/work/social/node_modules/statuses/package.json
23 verbose installManyTop reading scoped package data from /home/kolyaka/work/social/node_modules/underscore/package.json
24 verbose installManyTop reading scoped package data from /home/kolyaka/work/social/node_modules/unpipe/package.json
25 info package.json ms@0.7.1 No license field.
26 info package.json passport-local@1.0.0 No license field.
27 info package.json socket.io@1.3.5 No license field.
28 verbose readDependencies loading dependencies from /home/kolyaka/work/social/package.json
29 verbose install coffee-script is installed as 1.9.3
30 silly cache add args [ 'coffee-script', null ]
31 verbose cache add spec coffee-script
32 silly cache add parsed spec { raw: 'coffee-script',
32 silly cache add   scope: null,
32 silly cache add   name: 'coffee-script',
32 silly cache add   rawSpec: '',
32 silly cache add   spec: '*',
32 silly cache add   type: 'range' }
33 silly addNamed coffee-script@*
34 verbose addNamed "*" is a valid semver range for coffee-script
35 silly addNameRange { name: 'coffee-script', range: '*', hasData: false }
36 silly mapToRegistry name coffee-script
37 silly mapToRegistry using default registry
38 silly mapToRegistry registry https://registry.npmjs.org/
39 silly mapToRegistry uri https://registry.npmjs.org/coffee-script
40 verbose addNameRange registry:https://registry.npmjs.org/coffee-script not in flight; fetching
41 verbose request uri https://registry.npmjs.org/coffee-script
42 verbose request no auth needed
43 info attempt registry request try #1 at 14:38:33
44 verbose request id 79d34908e7b0a164
45 verbose etag "3RQ0Z4AZL21OHHX5ZO1PKZ0Q6"
46 http request GET https://registry.npmjs.org/coffee-script
47 http 304 https://registry.npmjs.org/coffee-script
48 silly get cb [ 304,
48 silly get   { date: 'Sun, 26 Jul 2015 11:38:34 GMT',
48 silly get     via: '1.1 varnish',
48 silly get     'cache-control': 'max-age=60',
48 silly get     etag: '"3RQ0Z4AZL21OHHX5ZO1PKZ0Q6"',
48 silly get     age: '0',
48 silly get     connection: 'keep-alive',
48 silly get     'x-served-by': 'cache-fra1244-FRA',
48 silly get     'x-cache': 'HIT',
48 silly get     'x-cache-hits': '1',
48 silly get     'x-timer': 'S1437910714.297443,VS0,VE738',
48 silly get     vary: 'Accept' } ]
49 verbose etag https://registry.npmjs.org/coffee-script from cache
50 verbose get saving coffee-script to /home/kolyaka/.npm/registry.npmjs.org/coffee-script/.cache.json
51 silly addNameRange number 2 { name: 'coffee-script', range: '*', hasData: true }
52 silly addNameRange versions [ 'coffee-script',
52 silly addNameRange   [ '0.7.0',
52 silly addNameRange     '0.7.1',
52 silly addNameRange     '0.7.2',
52 silly addNameRange     '0.9.0',
52 silly addNameRange     '0.9.1',
52 silly addNameRange     '0.9.2',
52 silly addNameRange     '0.9.3',
52 silly addNameRange     '0.9.4',
52 silly addNameRange     '0.9.5',
52 silly addNameRange     '0.9.6',
52 silly addNameRange     '1.0.0',
52 silly addNameRange     '1.0.1',
52 silly addNameRange     '1.1.0',
52 silly addNameRange     '1.1.1',
52 silly addNameRange     '1.1.2',
52 silly addNameRange     '1.1.3',
52 silly addNameRange     '1.2.0',
52 silly addNameRange     '1.3.0',
52 silly addNameRange     '1.3.1',
52 silly addNameRange     '1.3.2',
52 silly addNameRange     '1.3.3',
52 silly addNameRange     '1.4.0',
52 silly addNameRange     '1.5.0',
52 silly addNameRange     '1.6.0',
52 silly addNameRange     '1.6.1',
52 silly addNameRange     '1.6.2',
52 silly addNameRange     '1.6.3',
52 silly addNameRange     '1.7.0',
52 silly addNameRange     '1.7.1',
52 silly addNameRange     '1.8.0',
52 silly addNameRange     '1.9.0',
52 silly addNameRange     '1.9.1',
52 silly addNameRange     '1.9.2',
52 silly addNameRange     '1.9.3' ] ]
53 silly addNamed coffee-script@1.9.3
54 verbose addNamed "1.9.3" is a plain semver version for coffee-script
55 silly cache afterAdd coffee-script@1.9.3
56 verbose afterAdd /home/kolyaka/.npm/coffee-script/1.9.3/package/package.json not in flight; writing
57 verbose afterAdd /home/kolyaka/.npm/coffee-script/1.9.3/package/package.json written
58 silly install resolved [ { name: 'coffee-script',
58 silly install resolved     description: 'Unfancy JavaScript',
58 silly install resolved     keywords: [ 'javascript', 'language', 'coffeescript', 'compiler' ],
58 silly install resolved     author: { name: 'Jeremy Ashkenas' },
58 silly install resolved     version: '1.9.3',
58 silly install resolved     license: 'MIT',
58 silly install resolved     engines: { node: '>=0.8.0' },
58 silly install resolved     directories: { lib: './lib/coffee-script' },
58 silly install resolved     main: './lib/coffee-script/coffee-script',
58 silly install resolved     bin: { coffee: './bin/coffee', cake: './bin/cake' },
58 silly install resolved     preferGlobal: true,
58 silly install resolved     scripts:
58 silly install resolved      { test: 'node ./bin/cake test',
58 silly install resolved        'test-harmony': 'node --harmony ./bin/cake test' },
58 silly install resolved     homepage: 'http://coffeescript.org',
58 silly install resolved     bugs: { url: 'https://github.com/jashkenas/coffeescript/issues' },
58 silly install resolved     repository:
58 silly install resolved      { type: 'git',
58 silly install resolved        url: 'git://github.com/jashkenas/coffeescript.git' },
58 silly install resolved     devDependencies:
58 silly install resolved      { 'uglify-js': '~2.2',
58 silly install resolved        jison: '>=0.2.0',
58 silly install resolved        'highlight.js': '~8.0.0',
58 silly install resolved        underscore: '~1.5.2',
58 silly install resolved        docco: '~0.7.0' },
58 silly install resolved     gitHead: 'c37f284771e10b36239c714dcc40827510a6df5f',
58 silly install resolved     _id: 'coffee-script@1.9.3',
58 silly install resolved     _shasum: '596e6e83fcfcb67c5964ab70d444beff0ac04ac7',
58 silly install resolved     _from: 'coffee-script@*',
58 silly install resolved     _npmVersion: '1.4.28',
58 silly install resolved     _npmUser: { name: 'jashkenas', email: 'jashkenas@gmail.com' },
58 silly install resolved     maintainers: [ [Object], [Object] ],
58 silly install resolved     dist:
58 silly install resolved      { shasum: '596e6e83fcfcb67c5964ab70d444beff0ac04ac7',
58 silly install resolved        tarball: 'http://registry.npmjs.org/coffee-script/-/coffee-script-1.9.3.tgz' },
58 silly install resolved     _resolved: 'https://registry.npmjs.org/coffee-script/-/coffee-script-1.9.3.tgz',
58 silly install resolved     readme: 'ERROR: No README data found!' } ]
59 info install coffee-script@1.9.3 into /home/kolyaka/work/social
60 info installOne coffee-script@1.9.3
61 verbose installOne of coffee-script to /home/kolyaka/work/social not in flight; installing
62 verbose lock using /home/kolyaka/.npm/_locks/coffee-script-60f7029f850d1221.lock for /home/kolyaka/work/social/node_modules/coffee-script
63 silly install write writing coffee-script 1.9.3 to /home/kolyaka/work/social/node_modules/coffee-script
64 verbose unbuild node_modules/coffee-script
65 info preuninstall coffee-script@1.9.3
66 info uninstall coffee-script@1.9.3
67 verbose unbuild rmStuff coffee-script@1.9.3 from /home/kolyaka/work/social/node_modules
68 silly gentlyRm /home/kolyaka/work/social/node_modules/.bin/coffee is being gently removed
69 silly gentlyRm verifying /home/kolyaka/work/social is an npm working directory
70 silly gentlyRm /home/kolyaka/work/social/node_modules/.bin/cake is being gently removed
71 silly gentlyRm verifying /home/kolyaka/work/social is an npm working directory
72 silly gentlyRm containing path /home/kolyaka/work/social is under npm's control, in /home/kolyaka/work/social
73 silly gentlyRm deletion target /home/kolyaka/work/social/node_modules/.bin/coffee is under /home/kolyaka/work/social
74 verbose gentlyRm vacuuming from /home/kolyaka/work/social/node_modules/.bin/coffee up to /home/kolyaka/work/social
75 silly gentlyRm containing path /home/kolyaka/work/social is under npm's control, in /home/kolyaka/work/social
76 silly gentlyRm deletion target /home/kolyaka/work/social/node_modules/.bin/cake is under /home/kolyaka/work/social
77 verbose gentlyRm vacuuming from /home/kolyaka/work/social/node_modules/.bin/cake up to /home/kolyaka/work/social
78 silly vacuum-fs removing /home/kolyaka/work/social/node_modules/.bin/coffee
79 silly vacuum-fs removing /home/kolyaka/work/social/node_modules/.bin/cake
80 verbose unlock done using /home/kolyaka/.npm/_locks/coffee-script-60f7029f850d1221.lock for /home/kolyaka/work/social/node_modules/coffee-script
81 verbose stack Error: EACCES, unlink '/home/kolyaka/work/social/node_modules/.bin/coffee'
82 verbose cwd /home/kolyaka/work/social
83 error Linux 3.13.0-57-generic
84 error argv "node" "/home/kolyaka/.nvm/v0.10.38/bin/npm" "install" "coffee-script"
85 error node v0.10.38
86 error npm  v2.11.2
87 error path /home/kolyaka/work/social/node_modules/.bin/coffee
88 error code EACCES
89 error errno 3
90 error Error: EACCES, unlink '/home/kolyaka/work/social/node_modules/.bin/coffee'
90 error  { [Error: EACCES, unlink '/home/kolyaka/work/social/node_modules/.bin/coffee']
90 error   errno: 3,
90 error   code: 'EACCES',
90 error   path: '/home/kolyaka/work/social/node_modules/.bin/coffee' }
91 error Please try running this command again as root/Administrator.
92 verbose exit [ 3, true ]
93 verbose unbuild node_modules/coffee-script
94 info preuninstall coffee-script@1.9.3
95 info uninstall coffee-script@1.9.3
96 verbose unbuild rmStuff coffee-script@1.9.3 from /home/kolyaka/work/social/node_modules
97 silly gentlyRm /home/kolyaka/work/social/node_modules/.bin/coffee is being gently removed
98 silly gentlyRm verifying /home/kolyaka/work/social is an npm working directory
99 silly gentlyRm /home/kolyaka/work/social/node_modules/.bin/cake is being gently removed
100 silly gentlyRm verifying /home/kolyaka/work/social is an npm working directory
101 silly gentlyRm containing path /home/kolyaka/work/social is under npm's control, in /home/kolyaka/work/social
102 silly gentlyRm deletion target /home/kolyaka/work/social/node_modules/.bin/coffee is under /home/kolyaka/work/social
103 verbose gentlyRm vacuuming from /home/kolyaka/work/social/node_modules/.bin/coffee up to /home/kolyaka/work/social
104 silly gentlyRm containing path /home/kolyaka/work/social is under npm's control, in /home/kolyaka/work/social
105 silly gentlyRm deletion target /home/kolyaka/work/social/node_modules/.bin/cake is under /home/kolyaka/work/social
106 verbose gentlyRm vacuuming from /home/kolyaka/work/social/node_modules/.bin/cake up to /home/kolyaka/work/social
107 silly vacuum-fs removing /home/kolyaka/work/social/node_modules/.bin/coffee
108 silly vacuum-fs removing /home/kolyaka/work/social/node_modules/.bin/cake
109 error error rolling back Error: EACCES, unlink '/home/kolyaka/work/social/node_modules/.bin/coffee'
109 error error rolling back  { [Error: EACCES, unlink '/home/kolyaka/work/social/node_modules/.bin/coffee']
109 error error rolling back   errno: 3,
109 error error rolling back   code: 'EACCES',
109 error error rolling back   path: '/home/kolyaka/work/social/node_modules/.bin/coffee' }
